[debug] [2026-04-10T17:35:46.277Z] ----------------------------------------------------------------------
[debug] [2026-04-10T17:35:46.280Z] Command:       C:\Program Files\nodejs\node.exe C:\Program Files\nodejs\node_modules\firebase-tools\lib\bin\firebase.js deploy
[debug] [2026-04-10T17:35:46.280Z] CLI Version:   15.14.0
[debug] [2026-04-10T17:35:46.280Z] Platform:      win32
[debug] [2026-04-10T17:35:46.280Z] Node Version:  v22.13.0
[debug] [2026-04-10T17:35:46.280Z] Time:          Fri Apr 10 2026 19:35:46 GMT+0200 (heure d’été d’Europe centrale)
[debug] [2026-04-10T17:35:46.280Z] ----------------------------------------------------------------------
[debug] 
[debug] [2026-04-10T17:36:02.799Z] > command requires scopes: ["email","openid","https://www.googleapis.com/auth/cloudplatformprojects.readonly","https://www.googleapis.com/auth/firebase","https://www.googleapis.com/auth/cloud-platform"]
[debug] [2026-04-10T17:36:02.800Z] > authorizing via signed-in user (uberblooo@gmail.com)
[debug] [2026-04-10T17:36:02.800Z] [iam] checking project emocycle for permissions ["firebase.projects.get","firebasehosting.sites.update"]
[debug] [2026-04-10T17:36:02.801Z] Checked if tokens are valid: true, expires at: 1775845115862
[debug] [2026-04-10T17:36:02.801Z] Checked if tokens are valid: true, expires at: 1775845115862
[debug] [2026-04-10T17:36:02.802Z] >>> [apiv2][query] POST https://cloudresourcemanager.googleapis.com/v1/projects/emocycle:testIamPermissions [none]
[debug] [2026-04-10T17:36:02.802Z] >>> [apiv2][(partial)header] POST https://cloudresourcemanager.googleapis.com/v1/projects/emocycle:testIamPermissions  x-goog-user-project=emocycle
[debug] [2026-04-10T17:36:02.802Z] >>> [apiv2][body] POST https://cloudresourcemanager.googleapis.com/v1/projects/emocycle:testIamPermissions {"permissions":["firebase.projects.get","firebasehosting.sites.update"]}
[debug] [2026-04-10T17:36:03.512Z] <<< [apiv2][status] POST https://cloudresourcemanager.googleapis.com/v1/projects/emocycle:testIamPermissions 200
[debug] [2026-04-10T17:36:03.512Z] <<< [apiv2][body] POST https://cloudresourcemanager.googleapis.com/v1/projects/emocycle:testIamPermissions {"permissions":["firebase.projects.get","firebasehosting.sites.update"]}
[debug] [2026-04-10T17:36:03.513Z] Checked if tokens are valid: true, expires at: 1775845115862
[debug] [2026-04-10T17:36:03.513Z] Checked if tokens are valid: true, expires at: 1775845115862
[debug] [2026-04-10T17:36:03.514Z] >>> [apiv2][query] GET https://firebase.googleapis.com/v1beta1/projects/emocycle [none]
[debug] [2026-04-10T17:36:03.843Z] <<< [apiv2][status] GET https://firebase.googleapis.com/v1beta1/projects/emocycle 200
[debug] [2026-04-10T17:36:03.843Z] <<< [apiv2][body] GET https://firebase.googleapis.com/v1beta1/projects/emocycle {"projectId":"emocycle","projectNumber":"777313339739","displayName":"emocycle","name":"projects/emocycle","resources":{"hostingSite":"emocycle"},"state":"ACTIVE","etag":"1_7713012b-dae6-4386-b08c-92beaec1aa00"}
[info] 
[info] === Deploying to 'emocycle'...
[info] 
[info] i  deploying hosting 
[debug] [2026-04-10T17:36:03.850Z] Checked if tokens are valid: true, expires at: 1775845115862
[debug] [2026-04-10T17:36:03.850Z] Checked if tokens are valid: true, expires at: 1775845115862
[debug] [2026-04-10T17:36:03.851Z] >>> [apiv2][query] POST https://firebasehosting.googleapis.com/v1beta1/projects/-/sites/emocycle/versions [none]
[debug] [2026-04-10T17:36:03.851Z] >>> [apiv2][body] POST https://firebasehosting.googleapis.com/v1beta1/projects/-/sites/emocycle/versions {"status":"CREATED","labels":{"deployment-tool":"cli-firebase"}}
